<?xml version="1.0" encoding="UTF-8"?>
<testsuite name="com.mjc.school.MainTest" tests="1" skipped="0" failures="0" errors="0" timestamp="2025-08-03T14:37:02" hostname="MIRAKING" time="0.026">
  <properties/>
  <testcase name="dummyTest()" classname="com.mjc.school.MainTest" time="0.026"/>
  <system-out><![CDATA[]]></system-out>
  <system-err><![CDATA[]]></system-err>
</testsuite>
