<?xml version="1.0" encoding="UTF-8"?>
<testsuite name="com.mjc.school.controller.NewsControllerTests" tests="1" skipped="0" failures="0" errors="0" timestamp="2025-08-06T23:43:50" hostname="MIRAKING" time="1.35">
  <properties/>
  <testcase name="fullControllerFlow_coverage()" classname="com.mjc.school.controller.NewsControllerTests" time="1.35"/>
  <system-out><![CDATA[]]></system-out>
  <system-err><![CDATA[]]></system-err>
</testsuite>
