<?xml version="1.0" encoding="UTF-8"?>
<testsuite name="com.mjc.school.service.impl.NewsServiceTests" tests="5" skipped="0" failures="0" errors="0" timestamp="2025-08-06T18:00:21" hostname="MIRAKING" time="1.271">
  <properties/>
  <testcase name="testReadById()" classname="com.mjc.school.service.impl.NewsServiceTests" time="1.223"/>
  <testcase name="testReadAll()" classname="com.mjc.school.service.impl.NewsServiceTests" time="0.005"/>
  <testcase name="testCreate()" classname="com.mjc.school.service.impl.NewsServiceTests" time="0.006"/>
  <testcase name="testDelete()" classname="com.mjc.school.service.impl.NewsServiceTests" time="0.005"/>
  <testcase name="testUpdate()" classname="com.mjc.school.service.impl.NewsServiceTests" time="0.029"/>
  <system-out><![CDATA[]]></system-out>
  <system-err><![CDATA[]]></system-err>
</testsuite>
