<?xml version="1.0" encoding="UTF-8"?>
<testsuite name="com.mjc.school.service.impl.NewsServiceTests" tests="5" skipped="0" failures="0" errors="0" timestamp="2025-08-06T22:22:50" hostname="MIRAKING" time="3.14">
  <properties/>
  <testcase name="testReadById()" classname="com.mjc.school.service.impl.NewsServiceTests" time="3.068"/>
  <testcase name="testReadAll()" classname="com.mjc.school.service.impl.NewsServiceTests" time="0.008"/>
  <testcase name="testCreate()" classname="com.mjc.school.service.impl.NewsServiceTests" time="0.01"/>
  <testcase name="testDelete()" classname="com.mjc.school.service.impl.NewsServiceTests" time="0.008"/>
  <testcase name="testUpdate()" classname="com.mjc.school.service.impl.NewsServiceTests" time="0.042"/>
  <system-out><![CDATA[]]></system-out>
  <system-err><![CDATA[]]></system-err>
</testsuite>
