<?xml version="1.0" encoding="UTF-8"?>
<testsuite name="com.mjc.school.service.impl.NewsServiceImplTest" tests="8" skipped="0" failures="0" errors="0" timestamp="2025-08-08T15:10:46" hostname="MIRAKING" time="1.58">
  <properties/>
  <testcase name="updateNews_valid_shouldUpdateAndReturnDTO()" classname="com.mjc.school.service.impl.NewsServiceImplTest" time="1.524"/>
  <testcase name="getAllNews_shouldReturnAllNewsAsDTOs()" classname="com.mjc.school.service.impl.NewsServiceImplTest" time="0.007"/>
  <testcase name="getNewsById_notFound_shouldThrowException()" classname="com.mjc.school.service.impl.NewsServiceImplTest" time="0.007"/>
  <testcase name="createNews_valid_shouldCreateAndReturnDTO()" classname="com.mjc.school.service.impl.NewsServiceImplTest" time="0.006"/>
  <testcase name="createNews_invalid_shouldReturnNull()" classname="com.mjc.school.service.impl.NewsServiceImplTest" time="0.018"/>
  <testcase name="updateNews_invalid_shouldReturnNull()" classname="com.mjc.school.service.impl.NewsServiceImplTest" time="0.005"/>
  <testcase name="getNewsById_existing_shouldReturnDTO()" classname="com.mjc.school.service.impl.NewsServiceImplTest" time="0.002"/>
  <testcase name="deleteNews_existing_shouldReturnTrue()" classname="com.mjc.school.service.impl.NewsServiceImplTest" time="0.004"/>
  <system-out><![CDATA[Title too short
Content too short
]]></system-out>
  <system-err><![CDATA[]]></system-err>
</testsuite>
