<?xml version="1.0" encoding="UTF-8"?>
<testsuite name="com.mjc.school.NewsRepositoryTest" tests="6" skipped="0" failures="0" errors="0" timestamp="2025-08-03T15:25:13" hostname="MIRAKING" time="0.078">
  <properties/>
  <testcase name="testSingletonInstance()" classname="com.mjc.school.NewsRepositoryTest" time="0.058"/>
  <testcase name="testCreateAndReadById()" classname="com.mjc.school.NewsRepositoryTest" time="0.007"/>
  <testcase name="testIfIdExist()" classname="com.mjc.school.NewsRepositoryTest" time="0.004"/>
  <testcase name="testReadAll()" classname="com.mjc.school.NewsRepositoryTest" time="0.001"/>
  <testcase name="testDelete()" classname="com.mjc.school.NewsRepositoryTest" time="0.001"/>
  <testcase name="testUpdate()" classname="com.mjc.school.NewsRepositoryTest" time="0.001"/>
  <system-out><![CDATA[]]></system-out>
  <system-err><![CDATA[]]></system-err>
</testsuite>
