<?xml version="1.0" encoding="UTF-8"?>
<testsuite name="com.mjc.school.repository.source.DataSourceTests" tests="2" skipped="0" failures="0" errors="0" timestamp="2025-08-07T14:56:41" hostname="MIRAKING" time="1.113">
  <properties/>
  <testcase name="testReadAuthors()" classname="com.mjc.school.repository.source.DataSourceTests" time="1.103"/>
  <testcase name="testReadNews()" classname="com.mjc.school.repository.source.DataSourceTests" time="0.009"/>
  <system-out><![CDATA[]]></system-out>
  <system-err><![CDATA[]]></system-err>
</testsuite>
