<?xml version="1.0" encoding="UTF-8"?>
<testsuite name="com.mjc.school.repository.util.DataReaderTest" tests="1" skipped="0" failures="0" errors="0" timestamp="2025-08-06T18:00:19" hostname="MIRAKING" time="0.002">
  <properties/>
  <testcase name="testRead_withMockedFile()" classname="com.mjc.school.repository.util.DataReaderTest" time="0.002"/>
  <system-out><![CDATA[]]></system-out>
  <system-err><![CDATA[]]></system-err>
</testsuite>
